<?xml version="1.0" encoding="UTF-8"?>
<testsuite name="com.spring.currencytext.SpringCurrencyTextApp.AppBigIntTest" time="0.047" tests="16" errors="0" skipped="0" failures="0">
  <properties>
    <property name="java.runtime.name" value="Java(TM) SE Runtime Environment"/>
    <property name="sun.boot.library.path" value="C:\Program Files\Java\jre1.8.0_77\bin"/>
    <property name="java.vm.version" value="25.77-b03"/>
    <property name="java.vm.vendor" value="Oracle Corporation"/>
    <property name="maven.multiModuleProjectDirectory" value="C:\Tech\Spring\SpringCurrencyTextApp"/>
    <property name="java.vendor.url" value="http://java.oracle.com/"/>
    <property name="path.separator" value=";"/>
    <property name="guice.disable.misplaced.annotation.check" value="true"/>
    <property name="java.vm.name" value="Java HotSpot(TM) 64-Bit Server VM"/>
    <property name="file.encoding.pkg" value="sun.io"/>
    <property name="user.script" value=""/>
    <property name="user.country" value="US"/>
    <property name="sun.java.launcher" value="SUN_STANDARD"/>
    <property name="sun.os.patch.level" value="Service Pack 1"/>
    <property name="java.vm.specification.name" value="Java Virtual Machine Specification"/>
    <property name="user.dir" value="C:\Tech\Spring\SpringCurrencyTextApp"/>
    <property name="java.runtime.version" value="1.8.0_77-b03"/>
    <property name="java.awt.graphicsenv" value="sun.awt.Win32GraphicsEnvironment"/>
    <property name="java.endorsed.dirs" value="C:\Program Files\Java\jre1.8.0_77\lib\endorsed"/>
    <property name="os.arch" value="amd64"/>
    <property name="java.io.tmpdir" value="C:\Users\ASINGA~1\AppData\Local\Temp\"/>
    <property name="line.separator" value="&#10;"/>
    <property name="java.vm.specification.vendor" value="Oracle Corporation"/>
    <property name="user.variant" value=""/>
    <property name="os.name" value="Windows 7"/>
    <property name="classworlds.conf" value="C:\work\spring4trl\.metadata\.plugins\org.eclipse.m2e.launching\launches\m2conf8224259971121976553.tmp"/>
    <property name="sun.jnu.encoding" value="Cp1252"/>
    <property name="java.library.path" value="C:\Program Files\Java\jre1.8.0_77\bin;C:\WINDOWS\Sun\Java\bin;C:\WINDOWS\system32;C:\WINDOWS;C:/Program Files/Java/jre1.8.0_77/bin/server;C:/Program Files/Java/jre1.8.0_77/bin;C:/Program Files/Java/jre1.8.0_77/lib/amd64;C:\ProgramData\Oracle\Java\javapath;C:\WINDOWS\system32;C:\WINDOWS;C:\WINDOWS\System32\Wbem;C:\WINDOWS\System32\WindowsPowerShell\v1.0\;C:\Program Files (x86)\Sennheiser\SoftphoneSDK\;C:\WINDOWS\System32\WindowsPowerShell\v1.0\;C:\Program Files (x86)\PuTTY\;C:\WINDOWS\System32\WindowsPowerShell\v1.0\;C:\Program Files\Git\cmd;C:\Program Files\Apache\maven\bin;C:\Program Files\nodejs\;C:\Software\phantomjs\bin;C:\Software\sonar-scanner-2.6.1\bin;C:\Users\asingaram\AppData\Roaming\npm;C:\Software\eclipse-jee-oxygen-1a-win32-x86_64\eclipse;;."/>
    <property name="java.specification.name" value="Java Platform API Specification"/>
    <property name="java.class.version" value="52.0"/>
    <property name="sun.management.compiler" value="HotSpot 64-Bit Tiered Compilers"/>
    <property name="os.version" value="6.1"/>
    <property name="user.home" value="C:\Users\asingaram"/>
    <property name="user.timezone" value="America/New_York"/>
    <property name="java.awt.printerjob" value="sun.awt.windows.WPrinterJob"/>
    <property name="java.specification.version" value="1.8"/>
    <property name="file.encoding" value="Cp1252"/>
    <property name="user.name" value="asingaram"/>
    <property name="java.class.path" value="C:\Software\eclipse-jee-oxygen-1a-win32-x86_64\eclipse\plugins\org.eclipse.m2e.maven.runtime_1.8.2.20171007-0216\jars\plexus-classworlds-2.5.2.jar"/>
    <property name="java.vm.specification.version" value="1.8"/>
    <property name="sun.arch.data.model" value="64"/>
    <property name="java.home" value="C:\Program Files\Java\jre1.8.0_77"/>
    <property name="sun.java.command" value="org.codehaus.plexus.classworlds.launcher.Launcher -B install"/>
    <property name="java.specification.vendor" value="Oracle Corporation"/>
    <property name="user.language" value="en"/>
    <property name="awt.toolkit" value="sun.awt.windows.WToolkit"/>
    <property name="java.vm.info" value="mixed mode"/>
    <property name="java.version" value="1.8.0_77"/>
    <property name="java.ext.dirs" value="C:\Program Files\Java\jre1.8.0_77\lib\ext;C:\WINDOWS\Sun\Java\lib\ext"/>
    <property name="sun.boot.class.path" value="C:\Program Files\Java\jre1.8.0_77\lib\resources.jar;C:\Program Files\Java\jre1.8.0_77\lib\rt.jar;C:\Program Files\Java\jre1.8.0_77\lib\sunrsasign.jar;C:\Program Files\Java\jre1.8.0_77\lib\jsse.jar;C:\Program Files\Java\jre1.8.0_77\lib\jce.jar;C:\Program Files\Java\jre1.8.0_77\lib\charsets.jar;C:\Program Files\Java\jre1.8.0_77\lib\jfr.jar;C:\Program Files\Java\jre1.8.0_77\classes"/>
    <property name="java.vendor" value="Oracle Corporation"/>
    <property name="maven.home" value="C:\Tech\Spring\SpringCurrencyTextApp\EMBEDDED"/>
    <property name="file.separator" value="\"/>
    <property name="java.vendor.url.bug" value="http://bugreport.sun.com/bugreport/"/>
    <property name="sun.cpu.endian" value="little"/>
    <property name="sun.io.unicode.encoding" value="UnicodeLittle"/>
    <property name="sun.desktop" value="windows"/>
    <property name="sun.cpu.isalist" value="amd64"/>
  </properties>
  <testcase name="testNumberGreaterThanMaxInputValue" classname="com.spring.currencytext.SpringCurrencyTextApp.AppBigIntTest" time="0.031"/>
  <testcase name="testDecimalNumberWithZeroFraction" classname="com.spring.currencytext.SpringCurrencyTextApp.AppBigIntTest" time="0.016"/>
  <testcase name="testNegativeDecimalNumberWithZeroFraction" classname="com.spring.currencytext.SpringCurrencyTextApp.AppBigIntTest" time="0"/>
  <testcase name="testNegativeCapitalCharacterValidation" classname="com.spring.currencytext.SpringCurrencyTextApp.AppBigIntTest" time="0"/>
  <testcase name="testNumberGreaterThanIntegerValue" classname="com.spring.currencytext.SpringCurrencyTextApp.AppBigIntTest" time="0"/>
  <testcase name="testOneDigitWholeNumber" classname="com.spring.currencytext.SpringCurrencyTextApp.AppBigIntTest" time="0"/>
  <testcase name="testTwoDecimalNumber" classname="com.spring.currencytext.SpringCurrencyTextApp.AppBigIntTest" time="0"/>
  <testcase name="testNumberGreaterThanLargerValue" classname="com.spring.currencytext.SpringCurrencyTextApp.AppBigIntTest" time="0"/>
  <testcase name="testCaseNumberFormatException" classname="com.spring.currencytext.SpringCurrencyTextApp.AppBigIntTest" time="0"/>
  <testcase name="testCaseNegativeNumberException" classname="com.spring.currencytext.SpringCurrencyTextApp.AppBigIntTest" time="0"/>
  <testcase name="testLeadingSpaceTest" classname="com.spring.currencytext.SpringCurrencyTextApp.AppBigIntTest" time="0"/>
  <testcase name="testTrailingSpaceTest" classname="com.spring.currencytext.SpringCurrencyTextApp.AppBigIntTest" time="0"/>
  <testcase name="testTrailingandLeadingSpaceTest" classname="com.spring.currencytext.SpringCurrencyTextApp.AppBigIntTest" time="0"/>
  <testcase name="testDollarSignTest" classname="com.spring.currencytext.SpringCurrencyTextApp.AppBigIntTest" time="0"/>
  <testcase name="testCommaSeperationTest" classname="com.spring.currencytext.SpringCurrencyTextApp.AppBigIntTest" time="0"/>
  <testcase name="testMaxInputValue" classname="com.spring.currencytext.SpringCurrencyTextApp.AppBigIntTest" time="0"/>
</testsuite>